[I 17:45:38.539 LabApp] Using EnvironmentKernelSpecManager...
[I 17:45:38.539 LabApp] Started periodic updates of the kernel list (every 3 minutes).
[W 17:45:38.718 LabApp] WARNING: The notebook server is listening on all IP addresses and not using encryption. This is not recommended.
[I 17:45:38.727 LabApp] JupyterLab beta preview extension loaded from /home/ubuntu/anaconda3/lib/python3.6/site-packages/jupyterlab
[I 17:45:38.727 LabApp] JupyterLab application directory is /home/ubuntu/anaconda3/share/jupyter/lab
[I 17:45:38.885 LabApp] [nb_conda] enabled
/home/ubuntu/anaconda3/lib/python3.6/site-packages/matplotlib/__init__.py:1067: UserWarning: Duplicate key in file "/home/ubuntu/.config/matplotlib/matplotlibrc", line #2
  (fname, cnt))
/home/ubuntu/anaconda3/lib/python3.6/site-packages/matplotlib/__init__.py:1067: UserWarning: Duplicate key in file "/home/ubuntu/.config/matplotlib/matplotlibrc", line #3
  (fname, cnt))
[I 17:45:39.198 LabApp] sparkmagic extension enabled!
[I 17:45:39.200 LabApp] Serving notebooks from local directory: /home/ubuntu/emotional-chatapp/api/analysis
[I 17:45:39.200 LabApp] 0 active kernels
[I 17:45:39.200 LabApp] The Jupyter Notebook is running at:
[I 17:45:39.200 LabApp] http://[all ip addresses on your system]:8888/
[I 17:45:39.200 LabApp] Use Control-C to stop this server and shut down all kernels (twice to skip confirmation).
[I 17:45:39.201 LabApp] Starting initial scan of virtual environments...
[I 17:45:40.963 LabApp] Found new kernels in environments: conda_theano_p36, conda_anaconda3, conda_caffe_p27, conda_cntk_p27, conda_pytorch_p36, conda_chainer_p27, conda_caffe2_p27, conda_chainer_p36, conda_mxnet_p36, conda_python3, conda_mxnet_p27, conda_pytorch_p27, conda_tensorflow_p27, conda_tensorflow_p36, conda_python2, conda_theano_p27, conda_cntk_p36, conda_caffe_p35
[I 17:45:57.014 LabApp] 302 GET / (127.0.0.1) 0.99ms
[W 17:45:59.199 LabApp] Could not determine jupyterlab build status without nodejs
[I 17:54:48.910 LabApp] Kernel started: edebf1a9-6545-4033-9a8a-f946bff46d2b
[I 17:54:49.796 LabApp] Adapting to protocol v5.1 for kernel edebf1a9-6545-4033-9a8a-f946bff46d2b
[I 17:54:50.106 LabApp] Adapting to protocol v5.1 for kernel edebf1a9-6545-4033-9a8a-f946bff46d2b
[W 17:54:53.244 LabApp] 400 GET /api/contents/data_cut.csv?format=text&type=file&content=1&1541235294422 (127.0.0.1): /home/ubuntu/emotional-chatapp/api/analysis/data_cut.csv is not UTF-8 encoded
[W 17:54:53.245 LabApp] /home/ubuntu/emotional-chatapp/api/analysis/data_cut.csv is not UTF-8 encoded
[W 17:54:53.245 LabApp] 400 GET /api/contents/data_cut.csv?format=text&type=file&content=1&1541235294422 (127.0.0.1) 6.15ms referer=http://localhost:8888/lab?
[I 18:01:31.219 LabApp] Kernel started: 70000418-c857-448b-89bc-6d69dce51fb5
[I 18:01:31.748 LabApp] Adapting to protocol v5.1 for kernel 70000418-c857-448b-89bc-6d69dce51fb5
[I 19:12:37.553 LabApp] Creating new notebook in /
[I 19:12:38.681 LabApp] Kernel started: 6ccecc38-a364-4634-a020-6ea163c94d67
[I 19:12:40.469 LabApp] Adapting to protocol v5.1 for kernel 6ccecc38-a364-4634-a020-6ea163c94d67
[I 19:14:39.033 LabApp] Saving file at /plot_data.ipynb
[I 19:16:39.958 LabApp] Saving file at /plot_data.ipynb
[I 19:18:40.513 LabApp] Saving file at /plot_data.ipynb
[I 19:20:40.898 LabApp] Saving file at /plot_data.ipynb
[I 19:22:41.254 LabApp] Saving file at /plot_data.ipynb
[I 19:24:41.624 LabApp] Saving file at /plot_data.ipynb
[I 19:26:42.159 LabApp] Saving file at /plot_data.ipynb
[I 19:28:43.084 LabApp] Saving file at /plot_data.ipynb
[I 19:30:44.603 LabApp] Saving file at /plot_data.ipynb
[I 19:32:45.139 LabApp] Saving file at /plot_data.ipynb
[I 19:34:46.157 LabApp] Saving file at /plot_data.ipynb
[I 19:35:41.823 LabApp] Kernel started: 6e4fe55f-ae05-4dc7-b33a-4f65cc2bb91d
[I 19:35:42.289 LabApp] Adapting to protocol v5.1 for kernel 6e4fe55f-ae05-4dc7-b33a-4f65cc2bb91d
[I 19:38:46.698 LabApp] Saving file at /plot_data.ipynb
[I 19:44:47.516 LabApp] Saving file at /plot_data.ipynb
[I 19:46:48.369 LabApp] Saving file at /plot_data.ipynb
[I 19:48:50.320 LabApp] Saving file at /plot_data.ipynb
[I 19:50:50.714 LabApp] Saving file at /plot_data.ipynb
[I 19:52:51.091 LabApp] Saving file at /plot_data.ipynb
[I 19:54:51.629 LabApp] Saving file at /plot_data.ipynb
[I 19:54:58.708 LabApp] Creating new directory in /
[I 19:56:52.648 LabApp] Saving file at /plot_data.ipynb
[W 20:58:19.799 LabApp] WebSocket ping timeout after 119840 ms.
[I 20:58:24.802 LabApp] Starting buffering for edebf1a9-6545-4033-9a8a-f946bff46d2b:d11aaedaca6035a825828800c88da57f
[W 20:58:31.751 LabApp] WebSocket ping timeout after 119782 ms.
[I 20:58:36.754 LabApp] Starting buffering for 70000418-c857-448b-89bc-6d69dce51fb5:1b3bd0e80f92a89bb53dfbf58956f4c3
[W 20:58:40.471 LabApp] WebSocket ping timeout after 119834 ms.
[W 20:58:42.292 LabApp] WebSocket ping timeout after 119473 ms.
[I 20:58:45.474 LabApp] Starting buffering for 6ccecc38-a364-4634-a020-6ea163c94d67:8c0e4b59c1aba936c24689eeb899a96e
[I 20:58:47.294 LabApp] Starting buffering for 6e4fe55f-ae05-4dc7-b33a-4f65cc2bb91d:85b18c8b5dae14eb40c4aa9bf4d93855
[I 21:06:54.078 LabApp] 302 GET / (198.199.107.14) 0.77ms
[I 21:38:13.566 LabApp] 302 GET / (127.0.0.1) 0.75ms
[W 21:38:18.270 LabApp] Could not determine jupyterlab build status without nodejs
[I 21:38:18.646 LabApp] Adapting to protocol v5.1 for kernel 6e4fe55f-ae05-4dc7-b33a-4f65cc2bb91d
[I 21:38:20.432 LabApp] Starting buffering for 6e4fe55f-ae05-4dc7-b33a-4f65cc2bb91d:0710abbd2e0c960eba1581f2f96869f9
[I 21:38:21.958 LabApp] Adapting to protocol v5.1 for kernel 70000418-c857-448b-89bc-6d69dce51fb5
[I 21:38:22.716 LabApp] Adapting to protocol v5.1 for kernel 6ccecc38-a364-4634-a020-6ea163c94d67
[I 21:38:22.716 LabApp] Adapting to protocol v5.1 for kernel edebf1a9-6545-4033-9a8a-f946bff46d2b
[I 21:38:23.064 LabApp] Adapting to protocol v5.1 for kernel 6e4fe55f-ae05-4dc7-b33a-4f65cc2bb91d
[I 21:40:22.488 LabApp] Saving file at /plot_data.ipynb
[I 21:44:23.620 LabApp] Saving file at /plot_data.ipynb
[I 21:46:24.372 LabApp] Saving file at /plot_data.ipynb
[I 21:48:25.127 LabApp] Saving file at /plot_data.ipynb
[I 21:49:18.678 LabApp] Starting buffering for 6e4fe55f-ae05-4dc7-b33a-4f65cc2bb91d:83c224b0f024ab11f90df60a5b197a59
[I 21:49:18.679 LabApp] Starting buffering for 70000418-c857-448b-89bc-6d69dce51fb5:a3fcb3fc500a4f072210cab3841900f0
[I 21:49:18.680 LabApp] Starting buffering for 6ccecc38-a364-4634-a020-6ea163c94d67:280377b9d24cef622e454e3a95637427
[I 21:49:18.680 LabApp] Starting buffering for edebf1a9-6545-4033-9a8a-f946bff46d2b:dd6d1e909442ced605d103fb39d9a619
[W 21:49:19.827 LabApp] Could not determine jupyterlab build status without nodejs
[I 21:49:21.020 LabApp] Adapting to protocol v5.1 for kernel 6e4fe55f-ae05-4dc7-b33a-4f65cc2bb91d
[I 21:49:29.635 LabApp] Starting buffering for 6e4fe55f-ae05-4dc7-b33a-4f65cc2bb91d:23eda10ee4fa66bacd4ae2d7d0110929
[I 21:49:32.290 LabApp] Adapting to protocol v5.1 for kernel 70000418-c857-448b-89bc-6d69dce51fb5
[I 21:49:32.588 LabApp] Adapting to protocol v5.1 for kernel 6ccecc38-a364-4634-a020-6ea163c94d67
[I 21:49:32.645 LabApp] Adapting to protocol v5.1 for kernel edebf1a9-6545-4033-9a8a-f946bff46d2b
[I 21:49:32.943 LabApp] Adapting to protocol v5.1 for kernel 6e4fe55f-ae05-4dc7-b33a-4f65cc2bb91d
[I 21:55:32.509 LabApp] Saving file at /plot_data.ipynb
[I 21:57:33.853 LabApp] Saving file at /plot_data.ipynb
[I 21:59:34.595 LabApp] Saving file at /plot_data.ipynb
[I 22:01:35.046 LabApp] Saving file at /plot_data.ipynb
[I 22:03:35.630 LabApp] Saving file at /plot_data.ipynb
[I 22:05:36.056 LabApp] Saving file at /plot_data.ipynb
[I 22:13:36.663 LabApp] Saving file at /plot_data.ipynb
[I 22:15:37.242 LabApp] Saving file at /plot_data.ipynb
[I 22:17:37.796 LabApp] Saving file at /plot_data.ipynb
[I 22:22:38.391 LabApp] Starting buffering for edebf1a9-6545-4033-9a8a-f946bff46d2b:0ec100214ece3e05430ec0f3cdc7499d
[I 22:22:38.392 LabApp] Starting buffering for 6e4fe55f-ae05-4dc7-b33a-4f65cc2bb91d:b2f1fd900c74d64da832bd1f5135efdf
[I 22:22:38.392 LabApp] Starting buffering for 70000418-c857-448b-89bc-6d69dce51fb5:c2925a791e1e06183d544ea17d988e06
[I 22:22:38.395 LabApp] Starting buffering for 6ccecc38-a364-4634-a020-6ea163c94d67:6a42d5495e56b5a83830c82fbff5d6b7
[W 22:22:40.440 LabApp] Could not determine jupyterlab build status without nodejs
[I 22:22:41.728 LabApp] Adapting to protocol v5.1 for kernel 6e4fe55f-ae05-4dc7-b33a-4f65cc2bb91d
[I 22:23:02.172 LabApp] Starting buffering for 6e4fe55f-ae05-4dc7-b33a-4f65cc2bb91d:c690637d61120b73a15a64f516032947
[W 22:23:13.198 LabApp] Could not determine jupyterlab build status without nodejs
[I 22:23:14.473 LabApp] Adapting to protocol v5.1 for kernel 6e4fe55f-ae05-4dc7-b33a-4f65cc2bb91d
[I 22:23:16.423 LabApp] Starting buffering for 6e4fe55f-ae05-4dc7-b33a-4f65cc2bb91d:010019cb2f7a54a993ce4f6fde6e5aa8
[W 22:23:47.618 LabApp] Could not determine jupyterlab build status without nodejs
[I 22:23:48.382 LabApp] Adapting to protocol v5.1 for kernel 6e4fe55f-ae05-4dc7-b33a-4f65cc2bb91d
[I 22:23:48.847 LabApp] Starting buffering for 6e4fe55f-ae05-4dc7-b33a-4f65cc2bb91d:4604179d8d5d1c7ecc8369902becfbc4
[I 22:23:56.101 LabApp] Adapting to protocol v5.1 for kernel 6ccecc38-a364-4634-a020-6ea163c94d67
[I 22:24:01.419 LabApp] Saving file at /plot_data.ipynb
[I 22:30:55.924 LabApp] Kernel started: ca41fca3-680f-4f78-a349-283e92b3fc66
[I 22:30:56.695 LabApp] Adapting to protocol v5.1 for kernel ca41fca3-680f-4f78-a349-283e92b3fc66
[W 22:33:42.632 LabApp] 404 GET /api/contents/dat_model_json?content=1&1541252022545 (127.0.0.1): No such file or directory: dat_model_json
[W 22:33:42.632 LabApp] No such file or directory: dat_model_json
[W 22:33:42.633 LabApp] 404 GET /api/contents/dat_model_json?content=1&1541252022545 (127.0.0.1) 2.03ms referer=http://localhost:8888/lab?
