[debug] [2018-09-06T07:23:52.846Z] ----------------------------------------------------------------------
[debug] [2018-09-06T07:23:52.849Z] Command:       /usr/local/Cellar/node/9.5.0/bin/node /usr/local/bin/firebase serve
[debug] [2018-09-06T07:23:52.849Z] CLI Version:   4.2.1
[debug] [2018-09-06T07:23:52.849Z] Platform:      darwin
[debug] [2018-09-06T07:23:52.849Z] Node Version:  v9.5.0
[debug] [2018-09-06T07:23:52.850Z] Time:          Thu Sep 06 2018 16:23:52 GMT+0900 (JST)
[debug] [2018-09-06T07:23:52.850Z] ----------------------------------------------------------------------
[debug] 
[debug] [2018-09-06T07:23:52.873Z] > command requires scopes: ["email","openid","https://www.googleapis.com/auth/cloudplatformprojects.readonly","https://www.googleapis.com/auth/firebase","https://www.googleapis.com/auth/cloud-platform"]
[debug] [2018-09-06T07:23:52.874Z] > authorizing via signed-in user
[debug] [2018-09-06T07:23:52.875Z] > refreshing access token with scopes: ["email","https://www.googleapis.com/auth/cloud-platform","https://www.googleapis.com/auth/cloudplatformprojects.readonly","https://www.googleapis.com/auth/firebase","openid"]
[debug] [2018-09-06T07:23:52.875Z] >>> HTTP REQUEST POST https://www.googleapis.com/oauth2/v3/token  

[debug] [2018-09-06T07:23:53.070Z] <<< HTTP RESPONSE 200
[debug] [2018-09-06T07:23:53.093Z] >>> HTTP REQUEST GET https://admin.firebase.com/v1/projects/chatapp-1e75b  
 
[debug] [2018-09-06T07:23:53.959Z] <<< HTTP RESPONSE 200
[debug] [2018-09-06T07:23:53.960Z] >>> HTTP REQUEST GET https://cloudresourcemanager.googleapis.com/v1/projects/chatapp-1e75b  
 
[debug] [2018-09-06T07:23:54.934Z] <<< HTTP RESPONSE 200
[info] 
[info] === Serving from '/Users/ryota/emotion-chat/webapp/webapp'...
[info] 
[info] i  functions: Preparing to emulate functions.
[debug] [2018-09-06T07:23:56.557Z] Fetching environment
[debug] [2018-09-06T07:23:56.563Z] >>> HTTP REQUEST GET https://mobilesdk-pa.googleapis.com/v1/projects/452273142264:getServerAppConfig  
 
[debug] [2018-09-06T07:23:56.564Z] >>> HTTP REQUEST GET https://mobilesdk-pa.googleapis.com/v1/projects/452273142264/clients/_:getWebAppConfig  
 
[debug] [2018-09-06T07:23:56.968Z] <<< HTTP RESPONSE 200
[debug] [2018-09-06T07:23:56.968Z] Starting @google-cloud/functions-emulator
[debug] [2018-09-06T07:23:57.096Z] <<< HTTP RESPONSE 200
[info] i  hosting[chatapp-1e75b]: Serving hosting files from: ./
[info] ✔  hosting[chatapp-1e75b]: Local server: http://localhost:5000
[debug] [2018-09-06T07:23:59.587Z] Parsing function triggers
[info] i  functions: No HTTPS functions found. Use firebase functions:shell if you would like to emulate other types of functions.
